0 verbose cli /usr/local/bin/node /usr/local/bin/npm
1 info using npm@11.13.0
2 info using node@v24.16.0
3 silly config load:file:/usr/local/lib/node_modules/npm/npmrc
4 silly config load:file:/Users/vemor/ojet-tut-navbar/.npmrc
5 silly config load:file:/Users/vemor/.npmrc
6 silly config load:file:/usr/local/etc/npmrc
7 verbose title npm install three
8 verbose argv "install" "three" "--cache" "./.npm-cache"
9 verbose logfile logs-max:10 dir:/Users/vemor/ojet-tut-navbar/.npm-cache/_logs/2026-06-07T10_47_00_433Z-
10 verbose logfile /Users/vemor/ojet-tut-navbar/.npm-cache/_logs/2026-06-07T10_47_00_433Z-debug-0.log
11 silly logfile done cleaning log files
12 silly packumentCache heap:4496293888 maxSize:1124073472 maxEntrySize:562036736
13 silly idealTree buildDeps
14 silly fetch manifest three@*
15 silly packumentCache full:https://registry.npmjs.org/three cache-miss
16 http fetch GET 200 https://registry.npmjs.org/three 425ms (cache miss)
17 silly packumentCache full:https://registry.npmjs.org/three set size:undefined disposed:false
18 silly placeDep ROOT three@0.184.0 OK for: ojet-tut-navbar@1.0.0 want: *
19 silly reify moves {}
20 silly audit bulk request {
20 silly audit   '@bazel/runfiles': [ '6.5.0' ],
20 silly audit   '@isaacs/cliui': [ '8.0.2', '9.0.0' ],
20 silly audit   '@jridgewell/gen-mapping': [ '0.3.13' ],
20 silly audit   '@jridgewell/resolve-uri': [ '3.1.2' ],
20 silly audit   '@jridgewell/source-map': [ '0.3.11' ],
20 silly audit   '@jridgewell/sourcemap-codec': [ '1.5.5' ],
20 silly audit   '@jridgewell/trace-mapping': [ '0.3.31' ],
20 silly audit   '@oracle/ojet-cli': [ '20.1.1' ],
20 silly audit   'balanced-match': [ '4.0.4', '1.0.2' ],
20 silly audit   'brace-expansion': [ '5.0.6', '2.1.1' ],
20 silly audit   glob: [ '12.0.0', '10.4.5' ],
20 silly audit   jackspeak: [ '4.2.3', '3.4.3' ],
20 silly audit   'lru-cache': [ '11.5.1', '10.4.3' ],
20 silly audit   minimatch: [ '10.2.5', '9.0.9', '5.1.9' ],
20 silly audit   'path-scurry': [ '2.0.2', '1.11.1' ],
20 silly audit   '@oracle/oraclejet': [ '20.1.2' ],
20 silly audit   '@oracle/oraclejet-core-pack': [ '20.1.2' ],
20 silly audit   '@oracle/oraclejet-preact': [ '20.1.2' ],
20 silly audit   '@oracle/oraclejet-selenium-driver': [ '20.1.2' ],
20 silly audit   '@oracle/oraclejet-templates': [ '20.1.0' ],
20 silly audit   '@oracle/oraclejet-testing': [ '20.1.2' ],
20 silly audit   '@oracle/oraclejet-tooling': [ '20.1.1' ],
20 silly audit   '@oracle/oraclejet-webdriver': [ '20.1.2' ],
20 silly audit   '@pkgjs/parseargs': [ '0.11.0' ],
20 silly audit   '@types/geojson': [ '7946.0.11' ],
20 silly audit   '@types/signals': [ '1.0.2' ],
20 silly audit   'abort-controller': [ '3.0.0' ],
20 silly audit   accepts: [ '2.0.0', '1.3.8' ],
20 silly audit   acorn: [ '8.8.0', '8.16.0' ],
20 silly audit   'acorn-jsx': [ '5.3.2' ],
20 silly audit   'adm-zip': [ '0.5.17' ],
20 silly audit   'ansi-regex': [ '6.2.2', '5.0.1' ],
20 silly audit   'ansi-styles': [ '6.2.3', '4.3.0' ],
20 silly audit   anymatch: [ '3.1.3' ],
20 silly audit   archiver: [ '7.0.1' ],
20 silly audit   'archiver-utils': [ '5.0.2' ],
20 silly audit   async: [ '3.2.6' ],
20 silly audit   asynckit: [ '0.4.0' ],
20 silly audit   b4a: [ '1.8.1' ],
20 silly audit   'bare-events': [ '2.9.1' ],
20 silly audit   'bare-fs': [ '4.7.2' ],
20 silly audit   'bare-os': [ '3.9.1' ],
20 silly audit   'bare-path': [ '3.0.1' ],
20 silly audit   'bare-stream': [ '2.13.1' ],
20 silly audit   'bare-url': [ '2.4.5' ],
20 silly audit   'base64-js': [ '1.5.1' ],
20 silly audit   batch: [ '0.6.1' ],
20 silly audit   'binary-extensions': [ '2.3.0' ],
20 silly audit   body: [ '5.1.0' ],
20 silly audit   'body-parser': [ '2.2.2' ],
20 silly audit   bytes: [ '1.0.0', '3.1.2' ],
20 silly audit   'raw-body': [ '1.1.7', '3.0.2' ],
20 silly audit   string_decoder: [ '0.10.31', '1.1.1', '1.3.0' ],
20 silly audit   boolbase: [ '1.0.0' ],
20 silly audit   braces: [ '3.0.3' ],
20 silly audit   buffer: [ '6.0.3' ],
20 silly audit   'buffer-crc32': [ '1.0.0', '0.2.13' ],
20 silly audit   'buffer-from': [ '1.1.2' ],
20 silly audit   'call-bind-apply-helpers': [ '1.0.2' ],
20 silly audit   'call-bound': [ '1.0.4' ],
20 silly audit   chokidar: [ '3.6.0' ],
20 silly audit   'color-convert': [ '2.0.1' ],
20 silly audit   'color-name': [ '1.1.4' ],
20 silly audit   'combined-stream': [ '1.0.8' ],
20 silly audit   commander: [ '11.1.0', '2.20.3' ],
20 silly audit   'compress-commons': [ '6.0.2' ],
20 silly audit   'concat-stream': [ '1.6.2' ],
20 silly audit   'readable-stream': [ '2.3.8', '4.7.0' ],
20 silly audit   'safe-buffer': [ '5.1.2', '5.2.1' ],
20 silly audit   'connect-livereload': [ '0.6.1' ],
20 silly audit   'content-disposition': [ '1.1.0' ],
20 silly audit   'content-type': [ '1.0.5', '2.0.0' ],
20 silly audit   'continuable-cache': [ '0.3.1' ],
20 silly audit   cookie: [ '0.7.2' ],
20 silly audit   'cookie-signature': [ '1.2.2' ],
20 silly audit   'core-util-is': [ '1.0.3' ],
20 silly audit   'crc-32': [ '1.2.2' ],
20 silly audit   'crc32-stream': [ '6.0.0' ],
20 silly audit   'cross-spawn': [ '7.0.6' ],
20 silly audit   'css-select': [ '5.2.2' ],
20 silly audit   'css-what': [ '6.2.2', '5.0.1' ],
20 silly audit   'css-tree': [ '3.2.1', '2.2.1' ],
20 silly audit   csso: [ '5.0.5' ],
20 silly audit   'mdn-data': [ '2.0.28', '2.27.1' ],
20 silly audit   csstype: [ '3.1.1' ],
20 silly audit   debug: [ '4.4.3', '2.6.9', '3.2.7' ],
20 silly audit   'delayed-stream': [ '1.0.0' ],
20 silly audit   depd: [ '2.0.0', '1.1.2' ],
20 silly audit   destroy: [ '1.2.0' ],
20 silly audit   'dom-serializer': [ '2.0.0' ],
20 silly audit   domelementtype: [ '2.3.0' ],
20 silly audit   domhandler: [ '5.0.3' ],
20 silly audit   domutils: [ '3.2.2' ],
20 silly audit   'dunder-proto': [ '1.0.1' ],
20 silly audit   eastasianwidth: [ '0.2.0' ],
20 silly audit   'ee-first': [ '1.1.1' ],
20 silly audit   'emoji-regex': [ '9.2.2', '8.0.0' ],
20 silly audit   encodeurl: [ '2.0.0', '1.0.2' ],
20 silly audit   entities: [ '4.5.0' ],
20 silly audit   error: [ '7.2.1' ],
20 silly audit   'es-define-property': [ '1.0.1' ],
20 silly audit   'es-errors': [ '1.3.0' ],
20 silly audit   'es-object-atoms': [ '1.1.2' ],
20 silly audit   'es-set-tostringtag': [ '2.1.0' ],
20 silly audit   'escape-html': [ '1.0.3' ],
20 silly audit   'eslint-visitor-keys': [ '1.3.0' ],
20 silly audit   etag: [ '1.8.1' ],
20 silly audit   'event-target-shim': [ '5.0.1' ],
20 silly audit   events: [ '3.3.0' ],
20 silly audit   'events-universal': [ '1.0.1' ],
20 silly audit   express: [ '5.1.0' ],
20 silly audit   'serve-static': [ '2.2.1', '1.16.2' ],
20 silly audit   'extract-zip': [ '1.7.0' ],
20 silly audit   ms: [ '2.0.0', '2.1.3' ],
20 silly audit   'fast-fifo': [ '1.3.2' ],
20 silly audit   'faye-websocket': [ '0.11.4' ],
20 silly audit   'fd-slicer': [ '1.1.0' ],
20 silly audit   'fill-range': [ '7.1.1' ],
20 silly audit   finalhandler: [ '2.1.1' ],
20 silly audit   'foreground-child': [ '3.3.1' ],
20 silly audit   'form-data': [ '4.0.5' ],
20 silly audit   'mime-db': [ '1.52.0', '1.54.0' ],
20 silly audit   'mime-types': [ '2.1.35', '3.0.2' ],
20 silly audit   forwarded: [ '0.2.0' ],
20 silly audit   fresh: [ '2.0.0', '0.5.2' ],
20 silly audit   'fs-extra': [ '8.1.0' ],
20 silly audit   fsevents: [ '2.3.3' ],
20 silly audit   'function-bind': [ '1.1.2' ],
20 silly audit   'get-intrinsic': [ '1.3.0' ],
20 silly audit   'get-proto': [ '1.0.1' ],
20 silly audit   'glob-parent': [ '5.1.2' ],
20 silly audit   gopd: [ '1.2.0' ],
20 silly audit   'graceful-fs': [ '4.2.11' ],
20 silly audit   hammerjs: [ '2.0.8' ],
20 silly audit   'has-symbols': [ '1.1.0' ],
20 silly audit   'has-tostringtag': [ '1.0.2' ],
20 silly audit   hasown: [ '2.0.4' ],
20 silly audit   'http-errors': [ '2.0.1', '1.8.1', '2.0.0' ],
20 silly audit   'http-parser-js': [ '0.5.10' ],
20 silly audit   'iconv-lite': [ '0.7.2' ],
20 silly audit   ieee754: [ '1.2.1' ],
20 silly audit   immediate: [ '3.0.6' ],
20 silly audit   inherits: [ '2.0.4' ],
20 silly audit   'ipaddr.js': [ '1.9.1' ],
20 silly audit   'is-binary-path': [ '2.1.0' ],
20 silly audit   'is-extglob': [ '2.1.1' ],
20 silly audit   'is-fullwidth-code-point': [ '3.0.0' ],
20 silly audit   'is-glob': [ '4.0.3' ],
20 silly audit   'is-number': [ '7.0.0' ],
20 silly audit   'is-promise': [ '4.0.0' ],
20 silly audit   'is-stream': [ '2.0.1' ],
20 silly audit   'is-wsl': [ '1.1.0' ],
20 silly audit   isarray: [ '1.0.0' ],
20 silly audit   isexe: [ '2.0.0' ],
20 silly audit   jquery: [ '3.7.1' ],
20 silly audit   'jquery-ui': [ '1.14.1' ],
20 silly audit   jsonfile: [ '4.0.0' ],
20 silly audit   jszip: [ '3.10.1' ],
20 silly audit   knockout: [ '3.5.1' ],
20 silly audit   lazystream: [ '1.0.1' ],
20 silly audit   lie: [ '3.3.0' ],
20 silly audit   'livereload-js': [ '3.4.1' ],
20 silly audit   lodash: [ '4.18.1' ],
20 silly audit   'lodash.mergewith': [ '4.6.2' ],
20 silly audit   'math-intrinsics': [ '1.1.0' ],
20 silly audit   'media-typer': [ '1.1.0' ],
20 silly audit   'merge-descriptors': [ '2.0.0' ],
20 silly audit   mime: [ '1.6.0' ],
20 silly audit   minimist: [ '1.2.8' ],
20 silly audit   minipass: [ '7.1.3' ],
20 silly audit   mkdirp: [ '0.5.6' ],
20 silly audit   negotiator: [ '1.0.0', '0.6.3' ],
20 silly audit   'normalize-path': [ '3.0.0' ],
20 silly audit   'nth-check': [ '2.1.1' ],
20 silly audit   'object-assign': [ '4.1.1' ],
20 silly audit   'object-inspect': [ '1.13.4' ],
20 silly audit   'on-finished': [ '2.4.1' ],
20 silly audit   once: [ '1.4.0' ],
20 silly audit   open: [ '6.4.0' ],
20 silly audit   'package-json-from-dist': [ '1.0.1' ],
20 silly audit   pako: [ '1.0.11' ],
20 silly audit   parseurl: [ '1.3.3' ],
20 silly audit   'path-key': [ '3.1.1' ],
20 silly audit   'path-to-regexp': [ '8.4.2' ],
20 silly audit   pend: [ '1.2.0' ],
20 silly audit   picocolors: [ '1.1.1' ],
20 silly audit   picomatch: [ '2.3.2' ],
20 silly audit   preact: [ '10.26.10' ],
20 silly audit   process: [ '0.11.10' ],
20 silly audit   'process-nextick-args': [ '2.0.1' ],
20 silly audit   'proxy-addr': [ '2.0.7' ],
20 silly audit   qs: [ '6.15.2' ],
20 silly audit   'range-parser': [ '1.2.1' ],
20 silly audit   'readdir-glob': [ '1.1.3' ],
20 silly audit   readdirp: [ '3.6.0' ],
20 silly audit   'require-css': [ '0.1.10' ],
20 silly audit   requirejs: [ '2.3.8' ],
20 silly audit   'requirejs-text': [ '2.0.16' ],
20 silly audit   router: [ '2.2.0' ],
20 silly audit   'safe-json-parse': [ '1.0.1' ],
20 silly audit   'safer-buffer': [ '2.1.2' ],
20 silly audit   sax: [ '1.6.0' ],
20 silly audit   'selenium-webdriver': [ '4.44.0' ],
20 silly audit   send: [ '1.2.1', '0.19.0' ],
20 silly audit   'serve-index': [ '1.9.2' ],
20 silly audit   statuses: [ '1.5.0', '2.0.1', '2.0.2' ],
20 silly audit   setimmediate: [ '1.0.5' ],
20 silly audit   setprototypeof: [ '1.2.0' ],
20 silly audit   'shebang-command': [ '2.0.0' ],
20 silly audit   'shebang-regex': [ '3.0.0' ],
20 silly audit   'side-channel': [ '1.1.0' ],
20 silly audit   'side-channel-list': [ '1.0.1' ],
20 silly audit   'side-channel-map': [ '1.0.1' ],
20 silly audit   'side-channel-weakmap': [ '1.0.2' ],
20 silly audit   'signal-exit': [ '4.1.0' ],
20 silly audit   signals: [ '1.0.0' ],
20 silly audit   'source-map': [ '0.6.1' ],
20 silly audit   'source-map-js': [ '1.2.1' ],
20 silly audit   'source-map-support': [ '0.5.21' ],
20 silly audit   streamx: [ '2.27.0' ],
20 silly audit   'string-template': [ '0.2.1' ],
20 silly audit   'string-width': [ '5.1.2', '4.2.3' ],
20 silly audit   'strip-ansi': [ '6.0.1', '7.2.0' ],
20 silly audit   svgo: [ '4.0.1' ],
20 silly audit   'tar-stream': [ '3.2.0' ],
20 silly audit   teex: [ '1.0.1' ],
20 silly audit   terser: [ '5.19.4' ],
20 silly audit   'text-decoder': [ '1.2.7' ],
20 silly audit   'tiny-lr': [ '2.0.0' ],
20 silly audit   tmp: [ '0.2.7' ],
20 silly audit   'to-regex-range': [ '5.0.1' ],
20 silly audit   toidentifier: [ '1.0.1' ],
20 silly audit   'type-is': [ '2.1.0' ],
20 silly audit   typedarray: [ '0.0.6' ],
20 silly audit   underscore: [ '1.13.8' ],
20 silly audit   universalify: [ '0.1.2' ],
20 silly audit   unpipe: [ '1.0.0' ],
20 silly audit   'util-deprecate': [ '1.0.2' ],
20 silly audit   vary: [ '1.1.2' ],
20 silly audit   'websocket-driver': [ '0.7.5' ],
20 silly audit   'websocket-extensions': [ '0.1.4' ],
20 silly audit   which: [ '2.0.2' ],
20 silly audit   'wrap-ansi': [ '8.1.0', '7.0.0' ],
20 silly audit   wrappy: [ '1.0.2' ],
20 silly audit   ws: [ '8.21.0' ],
20 silly audit   yauzl: [ '2.10.0' ],
20 silly audit   'zip-stream': [ '6.0.1' ],
20 silly audit   three: [ '0.184.0' ]
20 silly audit }
21 http cache three@https://registry.npmjs.org/three/-/three-0.184.0.tgz 0ms (cache hit)
22 http cache fsevents@https://registry.npmjs.org/fsevents/-/fsevents-2.3.3.tgz 0ms (cache hit)
23 silly tarball no local data for three@https://registry.npmjs.org/three/-/three-0.184.0.tgz. Extracting by manifest.
24 silly tarball no local data for fsevents@https://registry.npmjs.org/fsevents/-/fsevents-2.3.3.tgz. Extracting by manifest.
25 http fetch GET 200 https://registry.npmjs.org/npm 519ms
26 http fetch GET 200 https://registry.npmjs.org/fsevents/-/fsevents-2.3.3.tgz 336ms (cache miss)
27 http fetch POST 200 https://registry.npmjs.org/-/npm/v1/security/advisories/bulk 352ms
28 silly audit report {
28 silly audit report   glob: [
28 silly audit report     {
28 silly audit report       id: 1109842,
28 silly audit report       url: 'https://github.com/advisories/GHSA-5j98-mcp5-4vw2',
28 silly audit report       title: 'glob CLI: Command injection via -c/--cmd executes matches with shell:true',
28 silly audit report       severity: 'high',
28 silly audit report       vulnerable_versions: '>=10.2.0 <10.5.0',
28 silly audit report       cwe: [Array],
28 silly audit report       cvss: [Object]
28 silly audit report     }
28 silly audit report   ]
28 silly audit report }
29 silly packumentCache corgi:https://registry.npmjs.org/glob cache-miss
30 http fetch GET 200 https://registry.npmjs.org/glob 72ms (cache miss)
31 silly packumentCache corgi:https://registry.npmjs.org/glob set size:undefined disposed:false
32 silly packumentCache corgi:https://registry.npmjs.org/archiver-utils cache-miss
33 http fetch GET 200 https://registry.npmjs.org/archiver-utils 396ms (cache miss)
34 silly packumentCache corgi:https://registry.npmjs.org/archiver-utils set size:undefined disposed:false
35 http fetch GET 200 https://registry.npmjs.org/three/-/three-0.184.0.tgz 1119ms (cache miss)
36 silly ADD node_modules/three
37 silly ADD node_modules/fsevents
38 verbose cwd /Users/vemor/ojet-tut-navbar
39 verbose os Darwin 25.4.0
40 verbose node v24.16.0
41 verbose npm  v11.13.0
42 notice
42 notice New minor version of npm available! 11.13.0 -> 11.16.0
42 notice Changelog: https://github.com/npm/cli/releases/tag/v11.16.0
42 notice To update run: npm install -g npm@11.16.0
42 notice  { force: true, Symbol(proc-log.meta): true }
43 verbose exit 0
44 info ok
